<?xml version="1.0" encoding="UTF-8"?>
<!-- Generated by org.testng.reporters.JUnitReportReporter -->
<testsuite skipped="0" hostname="DESKTOP-PSORTJL" name="com.qa.crm.tests.LoginPageTest" tests="3" failures="0" timestamp="24 Mar 2019 12:58:59 GMT" time="39.150" errors="0">
  <testcase name="login" time="17.354" classname="com.qa.crm.tests.LoginPageTest"/>
  <testcase name="verifyCRMLogo" time="11.522" classname="com.qa.crm.tests.LoginPageTest"/>
  <testcase name="verifyLoginPageTitle" time="10.274" classname="com.qa.crm.tests.LoginPageTest"/>
</testsuite> <!-- com.qa.crm.tests.LoginPageTest -->
