<?xml version="1.0" encoding="UTF-8"?>
<!-- Generated by org.testng.reporters.JUnitReportReporter -->
<testsuite skipped="0" hostname="DESKTOP-PSORTJL" name="com.qa.crm.tests.HomePageTests" tests="2" failures="0" timestamp="24 Mar 2019 12:58:59 GMT" time="40.743" errors="0">
  <testcase name="verifyHomePageTitle" time="19.534" classname="com.qa.crm.tests.HomePageTests"/>
  <testcase name="verifyUserLabel" time="21.209" classname="com.qa.crm.tests.HomePageTests"/>
</testsuite> <!-- com.qa.crm.tests.HomePageTests -->
